<!DOCTYPE html>
<html>
<head>
<meta http-equiv="Content-Type" content="text/html; charset=utf-8"/>
<meta http-equiv="x-ua-compatible" content="IE=edge"/>
<title>Test results - Class Utest Community</title>
<link href="../css/base-style.css" rel="stylesheet" type="text/css"/>
<link href="../css/style.css" rel="stylesheet" type="text/css"/>
<script src="../js/report.js" type="text/javascript"></script>
</head>
<body>
<div id="content">
<h1>Class Utest Community</h1>
<div class="breadcrumbs">
<a href="../index.html">all</a> &gt; 
<a href="../packages/default-package.html">default-package</a> &gt; Utest Community</div>
<div id="summary">
<table>
<tr>
<td>
<div class="summaryGroup">
<table>
<tr>
<td>
<div class="infoBox" id="tests">
<div class="counter">1</div>
<p>tests</p>
</div>
</td>
<td>
<div class="infoBox" id="failures">
<div class="counter">1</div>
<p>failures</p>
</div>
</td>
<td>
<div class="infoBox" id="ignored">
<div class="counter">0</div>
<p>ignored</p>
</div>
</td>
<td>
<div class="infoBox" id="duration">
<div class="counter">44.627s</div>
<p>duration</p>
</div>
</td>
</tr>
</table>
</div>
</td>
<td>
<div class="infoBox failures" id="successRate">
<div class="percent">0%</div>
<p>successful</p>
</div>
</td>
</tr>
</table>
</div>
<div id="tabs">
<ul class="tabLinks">
<li>
<a href="#tab0">Failed tests</a>
</li>
<li>
<a href="#tab1">Tests</a>
</li>
<li>
<a href="#tab2">Standard error</a>
</li>
</ul>
<div id="tab0" class="tab">
<h2>Failed tests</h2>
<div class="test">
<a name="Create new user"></a>
<h3 class="failures">Create new user</h3>
<span class="code">
<pre>net.thucydides.core.webdriver.exceptions.ElementShouldBeEnabledException: Expected enabled element was not enabled
	at net.serenitybdd.core.pages.WebElementFacadeImpl.waitUntilEnabled(WebElementFacadeImpl.java:1149)
	at net.serenitybdd.core.pages.WebElementFacadeImpl.waitUntilElementAvailable(WebElementFacadeImpl.java:954)
	at net.serenitybdd.core.pages.WebElementFacadeImpl.click(WebElementFacadeImpl.java:1229)
	at net.serenitybdd.screenplay.actions.ClickOnTarget.performAs(ClickOnTarget.java:13)
	at net.serenitybdd.screenplay.actions.ClickOnTarget$ByteBuddy$OjFuVJpj.performAs$accessor$TREqcZnq(Unknown Source)
	at sun.reflect.NativeMethodAccessorImpl.invoke0(Native Method)
	at sun.reflect.NativeMethodAccessorImpl.invoke(NativeMethodAccessorImpl.java:62)
	at sun.reflect.DelegatingMethodAccessorImpl.invoke(DelegatingMethodAccessorImpl.java:43)
	at java.lang.reflect.Method.invoke(Method.java:498)
	at net.thucydides.core.steps.StepInterceptor.invokeMethod(StepInterceptor.java:471)
	at net.thucydides.core.steps.StepInterceptor.executeTestStepMethod(StepInterceptor.java:451)
	at net.thucydides.core.steps.StepInterceptor.runTestStep(StepInterceptor.java:424)
	at net.thucydides.core.steps.StepInterceptor.runOrSkipMethod(StepInterceptor.java:180)
	at net.thucydides.core.steps.StepInterceptor.testStepResult(StepInterceptor.java:167)
	at net.thucydides.core.steps.StepInterceptor.intercept(StepInterceptor.java:75)
	at net.serenitybdd.screenplay.actions.ClickOnTarget$ByteBuddy$OjFuVJpj.performAs(Unknown Source)
	at net.serenitybdd.screenplay.Actor.performTask(Actor.java:233)
	at net.serenitybdd.screenplay.Actor.perform(Actor.java:214)
	at net.serenitybdd.screenplay.Actor.attemptsTo(Actor.java:171)
	at co.com.reto.utest.tasks.DiligenceDevices.performAs(DiligenceDevices.java:16)
	at co.com.reto.utest.tasks.DiligenceDevices$ByteBuddy$gvRAmk9H.performAs$accessor$Y33pyODT(Unknown Source)
	at sun.reflect.NativeMethodAccessorImpl.invoke0(Native Method)
	at sun.reflect.NativeMethodAccessorImpl.invoke(NativeMethodAccessorImpl.java:62)
	at sun.reflect.DelegatingMethodAccessorImpl.invoke(DelegatingMethodAccessorImpl.java:43)
	at java.lang.reflect.Method.invoke(Method.java:498)
	at net.thucydides.core.steps.StepInterceptor.invokeMethod(StepInterceptor.java:471)
	at net.thucydides.core.steps.StepInterceptor.executeTestStepMethod(StepInterceptor.java:451)
	at net.thucydides.core.steps.StepInterceptor.runTestStep(StepInterceptor.java:424)
	at net.thucydides.core.steps.StepInterceptor.runOrSkipMethod(StepInterceptor.java:180)
	at net.thucydides.core.steps.StepInterceptor.testStepResult(StepInterceptor.java:167)
	at net.thucydides.core.steps.StepInterceptor.intercept(StepInterceptor.java:75)
	at co.com.reto.utest.tasks.DiligenceDevices$ByteBuddy$gvRAmk9H.performAs(Unknown Source)
	at net.serenitybdd.screenplay.Actor.performTask(Actor.java:233)
	at net.serenitybdd.screenplay.Actor.perform(Actor.java:214)
	at net.serenitybdd.screenplay.Actor.attemptsTo(Actor.java:171)
	at co.com.reto.utest.stepdefinitions.UTestStepDefinitions.sheDiligenceTheDifferentsRegistrationFormsOnUtestWebPage(UTestStepDefinitions.java:25)
	at ✽.she Diligence the differents registration forms on Utest web page(src/test/resources/features/userTestChallenge.feature:8)
Caused by: org.openqa.selenium.TimeoutException: Expected condition failed: waiting for By.name: osId to be enabled (tried for 5 second(s) with 100 milliseconds interval)
	at org.openqa.selenium.support.ui.FluentWait.timeoutException(FluentWait.java:304)
	at org.openqa.selenium.support.ui.FluentWait.until(FluentWait.java:272)
	at net.serenitybdd.core.pages.WebElementFacadeImpl.waitUntilEnabled(WebElementFacadeImpl.java:1146)
	at net.serenitybdd.core.pages.WebElementFacadeImpl.waitUntilElementAvailable(WebElementFacadeImpl.java:954)
	at net.serenitybdd.core.pages.WebElementFacadeImpl.click(WebElementFacadeImpl.java:1229)
	at net.serenitybdd.screenplay.actions.ClickOnTarget.performAs(ClickOnTarget.java:13)
	at net.serenitybdd.screenplay.actions.ClickOnTarget$ByteBuddy$OjFuVJpj.performAs$accessor$TREqcZnq(Unknown Source)
	at sun.reflect.NativeMethodAccessorImpl.invoke0(Native Method)
	at sun.reflect.NativeMethodAccessorImpl.invoke(NativeMethodAccessorImpl.java:62)
	at sun.reflect.DelegatingMethodAccessorImpl.invoke(DelegatingMethodAccessorImpl.java:43)
	at java.lang.reflect.Method.invoke(Method.java:498)
	at net.thucydides.core.steps.StepInterceptor.invokeMethod(StepInterceptor.java:471)
	at net.thucydides.core.steps.StepInterceptor.executeTestStepMethod(StepInterceptor.java:451)
	at net.thucydides.core.steps.StepInterceptor.runTestStep(StepInterceptor.java:424)
	at net.thucydides.core.steps.StepInterceptor.runOrSkipMethod(StepInterceptor.java:180)
	at net.thucydides.core.steps.StepInterceptor.testStepResult(StepInterceptor.java:167)
	at net.thucydides.core.steps.StepInterceptor.intercept(StepInterceptor.java:75)
	at net.serenitybdd.screenplay.actions.ClickOnTarget$ByteBuddy$OjFuVJpj.performAs(Unknown Source)
	at net.serenitybdd.screenplay.Actor.performTask(Actor.java:233)
	at net.serenitybdd.screenplay.Actor.perform(Actor.java:214)
	at net.serenitybdd.screenplay.Actor.attemptsTo(Actor.java:171)
	at co.com.reto.utest.tasks.DiligenceDevices.performAs(DiligenceDevices.java:16)
	at co.com.reto.utest.tasks.DiligenceDevices$ByteBuddy$gvRAmk9H.performAs$accessor$Y33pyODT(Unknown Source)
	at sun.reflect.NativeMethodAccessorImpl.invoke0(Native Method)
	at sun.reflect.NativeMethodAccessorImpl.invoke(NativeMethodAccessorImpl.java:62)
	at sun.reflect.DelegatingMethodAccessorImpl.invoke(DelegatingMethodAccessorImpl.java:43)
	at java.lang.reflect.Method.invoke(Method.java:498)
	at net.thucydides.core.steps.StepInterceptor.invokeMethod(StepInterceptor.java:471)
	at net.thucydides.core.steps.StepInterceptor.executeTestStepMethod(StepInterceptor.java:451)
	at net.thucydides.core.steps.StepInterceptor.runTestStep(StepInterceptor.java:424)
	at net.thucydides.core.steps.StepInterceptor.runOrSkipMethod(StepInterceptor.java:180)
	at net.thucydides.core.steps.StepInterceptor.testStepResult(StepInterceptor.java:167)
	at net.thucydides.core.steps.StepInterceptor.intercept(StepInterceptor.java:75)
	at co.com.reto.utest.tasks.DiligenceDevices$ByteBuddy$gvRAmk9H.performAs(Unknown Source)
	at net.serenitybdd.screenplay.Actor.performTask(Actor.java:233)
	at net.serenitybdd.screenplay.Actor.perform(Actor.java:214)
	at net.serenitybdd.screenplay.Actor.attemptsTo(Actor.java:171)
	at co.com.reto.utest.stepdefinitions.UTestStepDefinitions.sheDiligenceTheDifferentsRegistrationFormsOnUtestWebPage(UTestStepDefinitions.java:25)
	at sun.reflect.NativeMethodAccessorImpl.invoke0(Native Method)
	at sun.reflect.NativeMethodAccessorImpl.invoke(NativeMethodAccessorImpl.java:62)
	at sun.reflect.DelegatingMethodAccessorImpl.invoke(DelegatingMethodAccessorImpl.java:43)
	at java.lang.reflect.Method.invoke(Method.java:498)
	at cucumber.runtime.Utils$1.call(Utils.java:31)
	at cucumber.runtime.Timeout.timeout(Timeout.java:16)
	at cucumber.runtime.Utils.invoke(Utils.java:25)
	at cucumber.runtime.java.JavaStepDefinition.execute(JavaStepDefinition.java:37)
	at cucumber.runtime.StepDefinitionMatch.runStep(StepDefinitionMatch.java:40)
	at cucumber.api.TestStep.executeStep(TestStep.java:102)
	at cucumber.api.TestStep.run(TestStep.java:83)
	at cucumber.api.TestCase.run(TestCase.java:58)
	at cucumber.runner.Runner.runPickle(Runner.java:80)
	at cucumber.runtime.junit.PickleRunners$NoStepDescriptions.run(PickleRunners.java:140)
	at cucumber.runtime.junit.FeatureRunner.runChild(FeatureRunner.java:68)
	at cucumber.runtime.junit.FeatureRunner.runChild(FeatureRunner.java:23)
	at org.junit.runners.ParentRunner$3.run(ParentRunner.java:290)
	at org.junit.runners.ParentRunner$1.schedule(ParentRunner.java:71)
	at org.junit.runners.ParentRunner.runChildren(ParentRunner.java:288)
	at org.junit.runners.ParentRunner.access$000(ParentRunner.java:58)
	at org.junit.runners.ParentRunner$2.evaluate(ParentRunner.java:268)
	at org.junit.runners.ParentRunner.run(ParentRunner.java:363)
	at cucumber.runtime.junit.FeatureRunner.run(FeatureRunner.java:73)
	at cucumber.api.junit.Cucumber.runChild(Cucumber.java:118)
	at cucumber.api.junit.Cucumber.runChild(Cucumber.java:56)
	at org.junit.runners.ParentRunner$3.run(ParentRunner.java:290)
	at org.junit.runners.ParentRunner$1.schedule(ParentRunner.java:71)
	at org.junit.runners.ParentRunner.runChildren(ParentRunner.java:288)
	at org.junit.runners.ParentRunner.access$000(ParentRunner.java:58)
	at org.junit.runners.ParentRunner$2.evaluate(ParentRunner.java:268)
	at cucumber.api.junit.Cucumber$1.evaluate(Cucumber.java:127)
	at org.junit.runners.ParentRunner.run(ParentRunner.java:363)
	at org.gradle.api.internal.tasks.testing.junit.JUnitTestClassExecutor.runTestClass(JUnitTestClassExecutor.java:110)
	at org.gradle.api.internal.tasks.testing.junit.JUnitTestClassExecutor.execute(JUnitTestClassExecutor.java:58)
	at org.gradle.api.internal.tasks.testing.junit.JUnitTestClassExecutor.execute(JUnitTestClassExecutor.java:38)
	at org.gradle.api.internal.tasks.testing.junit.AbstractJUnitTestClassProcessor.processTestClass(AbstractJUnitTestClassProcessor.java:62)
	at org.gradle.api.internal.tasks.testing.SuiteTestClassProcessor.processTestClass(SuiteTestClassProcessor.java:51)
	at sun.reflect.NativeMethodAccessorImpl.invoke0(Native Method)
	at sun.reflect.NativeMethodAccessorImpl.invoke(NativeMethodAccessorImpl.java:62)
	at sun.reflect.DelegatingMethodAccessorImpl.invoke(DelegatingMethodAccessorImpl.java:43)
	at java.lang.reflect.Method.invoke(Method.java:498)
	at org.gradle.internal.dispatch.ReflectionDispatch.dispatch(ReflectionDispatch.java:35)
	at org.gradle.internal.dispatch.ReflectionDispatch.dispatch(ReflectionDispatch.java:24)
	at org.gradle.internal.dispatch.ContextClassLoaderDispatch.dispatch(ContextClassLoaderDispatch.java:32)
	at org.gradle.internal.dispatch.ProxyDispatchAdapter$DispatchingInvocationHandler.invoke(ProxyDispatchAdapter.java:93)
	at com.sun.proxy.$Proxy2.processTestClass(Unknown Source)
	at org.gradle.api.internal.tasks.testing.worker.TestWorker.processTestClass(TestWorker.java:118)
	at sun.reflect.NativeMethodAccessorImpl.invoke0(Native Method)
	at sun.reflect.NativeMethodAccessorImpl.invoke(NativeMethodAccessorImpl.java:62)
	at sun.reflect.DelegatingMethodAccessorImpl.invoke(DelegatingMethodAccessorImpl.java:43)
	at java.lang.reflect.Method.invoke(Method.java:498)
	at org.gradle.internal.dispatch.ReflectionDispatch.dispatch(ReflectionDispatch.java:35)
	at org.gradle.internal.dispatch.ReflectionDispatch.dispatch(ReflectionDispatch.java:24)
	at org.gradle.internal.remote.internal.hub.MessageHubBackedObjectConnection$DispatchWrapper.dispatch(MessageHubBackedObjectConnection.java:175)
	at org.gradle.internal.remote.internal.hub.MessageHubBackedObjectConnection$DispatchWrapper.dispatch(MessageHubBackedObjectConnection.java:157)
	at org.gradle.internal.remote.internal.hub.MessageHub$Handler.run(MessageHub.java:404)
	at org.gradle.internal.concurrent.ExecutorPolicy$CatchAndRecordFailures.onExecute(ExecutorPolicy.java:63)
	at org.gradle.internal.concurrent.ManagedExecutorImpl$1.run(ManagedExecutorImpl.java:46)
	at java.util.concurrent.ThreadPoolExecutor.runWorker(ThreadPoolExecutor.java:1149)
	at java.util.concurrent.ThreadPoolExecutor$Worker.run(ThreadPoolExecutor.java:624)
	at org.gradle.internal.concurrent.ThreadFactoryImpl$ManagedThreadRunnable.run(ThreadFactoryImpl.java:55)
	at java.lang.Thread.run(Thread.java:748)
Caused by: org.openqa.selenium.NoSuchElementException: Cannot locate an element using name=osId
For documentation on this error, please visit: https://www.seleniumhq.org/exceptions/no_such_element.html
Build info: version: '3.141.59', revision: 'e82be7d358', time: '2018-11-14T08:17:03'
System info: host: 'LAPTOP-JGS3DP8G', ip: '192.168.56.1', os.name: 'Windows 10', os.arch: 'amd64', os.version: '10.0', java.version: '1.8.0_251'
Driver info: driver.version: RemoteWebDriver
	at org.openqa.selenium.remote.RemoteWebDriver.findElement(RemoteWebDriver.java:327)
	at org.openqa.selenium.remote.RemoteWebDriver.findElementByName(RemoteWebDriver.java:404)
	at org.openqa.selenium.By$ByName.findElement(By.java:284)
	at org.openqa.selenium.remote.RemoteWebDriver.findElement(RemoteWebDriver.java:315)
	at net.thucydides.core.webdriver.WebDriverFacade.findElement(WebDriverFacade.java:222)
	at net.serenitybdd.core.pages.WebElementResolverByLocator.resolveForDriver(WebElementResolverByLocator.java:18)
	at net.serenitybdd.core.pages.WebElementFacadeImpl.getElement(WebElementFacadeImpl.java:221)
	at net.serenitybdd.core.pages.WebElementExpectations$3.apply(WebElementExpectations.java:63)
	at net.serenitybdd.core.pages.WebElementExpectations$3.apply(WebElementExpectations.java:55)
	at org.openqa.selenium.support.ui.FluentWait.until(FluentWait.java:249)
	... 98 more
</pre>
</span>
</div>
</div>
<div id="tab1" class="tab">
<h2>Tests</h2>
<table>
<thead>
<tr>
<th>Test</th>
<th>Duration</th>
<th>Result</th>
</tr>
</thead>
<tr>
<td class="failures">Create new user</td>
<td class="failures">44.627s</td>
<td class="failures">failed</td>
</tr>
</table>
</div>
<div id="tab2" class="tab">
<h2>Standard error</h2>
<span class="code">
<pre>[Test worker] WARN net.thucydides.core.steps.BaseStepListener - stepStarted: net.thucydides.core.steps.ExecutedStepDescription@e2e25f0
[Test worker] WARN net.thucydides.core.steps.BaseStepListener - stepStarted: net.thucydides.core.steps.ExecutedStepDescription@75b0c249
[Test worker] WARN net.thucydides.core.steps.BaseStepListener - stepStarted: net.thucydides.core.steps.ExecutedStepDescription@6e0c523a
ene 17, 2021 4:24:26 PM org.openqa.selenium.remote.DesiredCapabilities chrome
INFORMACIÓN: Using `new ChromeOptions()` is preferred to `DesiredCapabilities.chrome()`
[Test worker] INFO net.serenitybdd.core.webdriver.driverproviders.ProvideNewDriver - Instantiating driver
[Test worker] INFO net.serenitybdd.core.webdriver.driverproviders.ProvideNewDriver - Driver capabilities: Capabilities {acceptInsecureCerts: false, browserName: chrome, chrome.switches: --start-maximized, goog:chromeOptions: {args: [--start-maximized], extensions: []}, loggingPrefs: org.openqa.selenium.logging..., platform: ANY, version: }
Starting ChromeDriver 87.0.4280.88 (89e2380a3e36c3464b5dd1302349b1382549290d-refs/branch-heads/4280@{#1761}) on port 44636
Only local connections are allowed.
Please see https://chromedriver.chromium.org/security-considerations for suggestions on keeping ChromeDriver safe.
ChromeDriver was started successfully.
ene 17, 2021 4:24:32 PM org.openqa.selenium.remote.ProtocolHandshake createSession
INFORMACIÓN: Detected dialect: W3C
[Test worker] WARN net.thucydides.core.steps.BaseStepListener - stepFinished: current outcome:Create new user:Given than Luz wants be a freelance software tester on Utest web page [Luz open up [Luz opens the U test page]]
[Test worker] WARN net.thucydides.core.steps.BaseStepListener - stepFinished: current outcome:Create new user:Given than Luz wants be a freelance software tester on Utest web page [Luz open up [Luz opens the U test page]]
[Test worker] WARN net.thucydides.core.steps.BaseStepListener - stepFinished: current outcome:Create new user:Given than Luz wants be a freelance software tester on Utest web page [Luz open up [Luz opens the U test page]]
[Test worker] WARN net.thucydides.core.steps.BaseStepListener - stepStarted: net.thucydides.core.steps.ExecutedStepDescription@2faf92fe
[Test worker] WARN net.thucydides.core.steps.BaseStepListener - stepStarted: net.thucydides.core.steps.ExecutedStepDescription@16832bae
[Test worker] WARN net.thucydides.core.steps.BaseStepListener - stepStarted: net.thucydides.core.steps.ExecutedStepDescription@6928c9c5
[Test worker] WARN net.thucydides.core.steps.BaseStepListener - stepFinished: current outcome:Create new user:Given than Luz wants be a freelance software tester on Utest web page [Luz open up [Luz opens the U test page]], When she Diligence the differents registration forms on Utest web page [Luz diligence person [Luz clicks on button that shows us the form to the Register]]
[Test worker] WARN net.thucydides.core.steps.BaseStepListener - stepStarted: net.thucydides.core.steps.ExecutedStepDescription@5bf43eaf
[Test worker] WARN net.thucydides.core.steps.BaseStepListener - stepFinished: current outcome:Create new user:Given than Luz wants be a freelance software tester on Utest web page [Luz open up [Luz opens the U test page]], When she Diligence the differents registration forms on Utest web page [Luz diligence person [Luz clicks on button that shows us the form to the Register, Luz enters 'Luz' into Where do we write the first name]]
[Test worker] WARN net.thucydides.core.steps.BaseStepListener - stepStarted: net.thucydides.core.steps.ExecutedStepDescription@52a7d94f
[Test worker] WARN net.thucydides.core.steps.BaseStepListener - stepFinished: current outcome:Create new user:Given than Luz wants be a freelance software tester on Utest web page [Luz open up [Luz opens the U test page]], When she Diligence the differents registration forms on Utest web page [Luz diligence person [Luz clicks on button that shows us the form to the Register, Luz enters 'Luz' into Where do we write the first name, Luz enters 'Palacios' into Where do we write the last name]]
[Test worker] WARN net.thucydides.core.steps.BaseStepListener - stepStarted: net.thucydides.core.steps.ExecutedStepDescription@338efd3a
[Test worker] WARN net.thucydides.core.steps.BaseStepListener - stepFinished: current outcome:Create new user:Given than Luz wants be a freelance software tester on Utest web page [Luz open up [Luz opens the U test page]], When she Diligence the differents registration forms on Utest web page [Luz diligence person [Luz clicks on button that shows us the form to the Register, Luz enters 'Luz' into Where do we write the first name, Luz enters 'Palacios' into Where do we write the last name, Luz enters 'lo@gmail.com' into Where do we write the email]]
[Test worker] WARN net.thucydides.core.steps.BaseStepListener - stepStarted: net.thucydides.core.steps.ExecutedStepDescription@3d229930
[Test worker] WARN net.thucydides.core.steps.BaseStepListener - stepFinished: current outcome:Create new user:Given than Luz wants be a freelance software tester on Utest web page [Luz open up [Luz opens the U test page]], When she Diligence the differents registration forms on Utest web page [Luz diligence person [Luz clicks on button that shows us the form to the Register, Luz enters 'Luz' into Where do we write the first name, Luz enters 'Palacios' into Where do we write the last name, Luz enters 'lo@gmail.com' into Where do we write the email, Luz clicks on Where do select the birth month]]
[Test worker] WARN net.thucydides.core.steps.BaseStepListener - stepStarted: net.thucydides.core.steps.ExecutedStepDescription@19cc18c6
[Test worker] WARN net.thucydides.core.steps.BaseStepListener - stepFinished: current outcome:Create new user:Given than Luz wants be a freelance software tester on Utest web page [Luz open up [Luz opens the U test page]], When she Diligence the differents registration forms on Utest web page [Luz diligence person [Luz clicks on button that shows us the form to the Register, Luz enters 'Luz' into Where do we write the first name, Luz enters 'Palacios' into Where do we write the last name, Luz enters 'lo@gmail.com' into Where do we write the email, Luz clicks on Where do select the birth month, Luz clicks on Where do select the birth month]]
[Test worker] WARN net.thucydides.core.steps.BaseStepListener - stepStarted: net.thucydides.core.steps.ExecutedStepDescription@69f1b072
[Test worker] WARN net.thucydides.core.steps.BaseStepListener - stepFinished: current outcome:Create new user:Given than Luz wants be a freelance software tester on Utest web page [Luz open up [Luz opens the U test page]], When she Diligence the differents registration forms on Utest web page [Luz diligence person [Luz clicks on button that shows us the form to the Register, Luz enters 'Luz' into Where do we write the first name, Luz enters 'Palacios' into Where do we write the last name, Luz enters 'lo@gmail.com' into Where do we write the email, Luz clicks on Where do select the birth month, Luz clicks on Where do select the birth month, Luz clicks on Where do select the birth day]]
[Test worker] WARN net.thucydides.core.steps.BaseStepListener - stepStarted: net.thucydides.core.steps.ExecutedStepDescription@633ce146
[Test worker] WARN net.thucydides.core.steps.BaseStepListener - stepFinished: current outcome:Create new user:Given than Luz wants be a freelance software tester on Utest web page [Luz open up [Luz opens the U test page]], When she Diligence the differents registration forms on Utest web page [Luz diligence person [Luz clicks on button that shows us the form to the Register, Luz enters 'Luz' into Where do we write the first name, Luz enters 'Palacios' into Where do we write the last name, Luz enters 'lo@gmail.com' into Where do we write the email, Luz clicks on Where do select the birth month, Luz clicks on Where do select the birth month, Luz clicks on Where do select the birth day, Luz clicks on Where do select the birth day]]
[Test worker] WARN net.thucydides.core.steps.BaseStepListener - stepStarted: net.thucydides.core.steps.ExecutedStepDescription@762cfd35
[Test worker] WARN net.thucydides.core.steps.BaseStepListener - stepFinished: current outcome:Create new user:Given than Luz wants be a freelance software tester on Utest web page [Luz open up [Luz opens the U test page]], When she Diligence the differents registration forms on Utest web page [Luz diligence person [Luz clicks on button that shows us the form to the Register, Luz enters 'Luz' into Where do we write the first name, Luz enters 'Palacios' into Where do we write the last name, Luz enters 'lo@gmail.com' into Where do we write the email, Luz clicks on Where do select the birth month, Luz clicks on Where do select the birth month, Luz clicks on Where do select the birth day, Luz clicks on Where do select the birth day, Luz clicks on Where do select the birth year]]
[Test worker] WARN net.thucydides.core.steps.BaseStepListener - stepStarted: net.thucydides.core.steps.ExecutedStepDescription@41e7ccaa
[Test worker] WARN net.thucydides.core.steps.BaseStepListener - stepFinished: current outcome:Create new user:Given than Luz wants be a freelance software tester on Utest web page [Luz open up [Luz opens the U test page]], When she Diligence the differents registration forms on Utest web page [Luz diligence person [Luz clicks on button that shows us the form to the Register, Luz enters 'Luz' into Where do we write the first name, Luz enters 'Palacios' into Where do we write the last name, Luz enters 'lo@gmail.com' into Where do we write the email, Luz clicks on Where do select the birth month, Luz clicks on Where do select the birth month, Luz clicks on Where do select the birth day, Luz clicks on Where do select the birth day, Luz clicks on Where do select the birth year, Luz clicks on Where do select the birth year]]
[Test worker] WARN net.thucydides.core.steps.BaseStepListener - stepStarted: net.thucydides.core.steps.ExecutedStepDescription@3943e69
[Test worker] WARN net.thucydides.core.steps.BaseStepListener - stepFinished: current outcome:Create new user:Given than Luz wants be a freelance software tester on Utest web page [Luz open up [Luz opens the U test page]], When she Diligence the differents registration forms on Utest web page [Luz diligence person [Luz clicks on button that shows us the form to the Register, Luz enters 'Luz' into Where do we write the first name, Luz enters 'Palacios' into Where do we write the last name, Luz enters 'lo@gmail.com' into Where do we write the email, Luz clicks on Where do select the birth month, Luz clicks on Where do select the birth month, Luz clicks on Where do select the birth day, Luz clicks on Where do select the birth day, Luz clicks on Where do select the birth year, Luz clicks on Where do select the birth year, Luz clicks on button that shows us the form to the Register]]
[Test worker] WARN net.thucydides.core.steps.BaseStepListener - stepFinished: current outcome:Create new user:Given than Luz wants be a freelance software tester on Utest web page [Luz open up [Luz opens the U test page]], When she Diligence the differents registration forms on Utest web page [Luz diligence person [Luz clicks on button that shows us the form to the Register, Luz enters 'Luz' into Where do we write the first name, Luz enters 'Palacios' into Where do we write the last name, Luz enters 'lo@gmail.com' into Where do we write the email, Luz clicks on Where do select the birth month, Luz clicks on Where do select the birth month, Luz clicks on Where do select the birth day, Luz clicks on Where do select the birth day, Luz clicks on Where do select the birth year, Luz clicks on Where do select the birth year, Luz clicks on button that shows us the form to the Register]]
[Test worker] WARN net.thucydides.core.steps.BaseStepListener - stepStarted: net.thucydides.core.steps.ExecutedStepDescription@4f9f3acf
[Test worker] WARN net.thucydides.core.steps.BaseStepListener - stepStarted: net.thucydides.core.steps.ExecutedStepDescription@48d2bda2
[Test worker] WARN net.thucydides.core.steps.BaseStepListener - stepFinished: current outcome:Create new user:Given than Luz wants be a freelance software tester on Utest web page [Luz open up [Luz opens the U test page]], When she Diligence the differents registration forms on Utest web page [Luz diligence person [Luz clicks on button that shows us the form to the Register, Luz enters 'Luz' into Where do we write the first name, Luz enters 'Palacios' into Where do we write the last name, Luz enters 'lo@gmail.com' into Where do we write the email, Luz clicks on Where do select the birth month, Luz clicks on Where do select the birth month, Luz clicks on Where do select the birth day, Luz clicks on Where do select the birth day, Luz clicks on Where do select the birth year, Luz clicks on Where do select the birth year, Luz clicks on button that shows us the form to the Register], Luz diligence adress [Luz enters 'Quibdo' into Where do we write the City]]
[Test worker] WARN net.thucydides.core.steps.BaseStepListener - stepStarted: net.thucydides.core.steps.ExecutedStepDescription@5f95f7c8
[Test worker] WARN net.thucydides.core.steps.BaseStepListener - stepFinished: current outcome:Create new user:Given than Luz wants be a freelance software tester on Utest web page [Luz open up [Luz opens the U test page]], When she Diligence the differents registration forms on Utest web page [Luz diligence person [Luz clicks on button that shows us the form to the Register, Luz enters 'Luz' into Where do we write the first name, Luz enters 'Palacios' into Where do we write the last name, Luz enters 'lo@gmail.com' into Where do we write the email, Luz clicks on Where do select the birth month, Luz clicks on Where do select the birth month, Luz clicks on Where do select the birth day, Luz clicks on Where do select the birth day, Luz clicks on Where do select the birth year, Luz clicks on Where do select the birth year, Luz clicks on button that shows us the form to the Register], Luz diligence adress [Luz enters 'Quibdo' into Where do we write the City, Luz enters '270002' into Where do we write the Postal Code]]
[Test worker] WARN net.thucydides.core.steps.BaseStepListener - stepStarted: net.thucydides.core.steps.ExecutedStepDescription@6468611f
[Test worker] WARN net.thucydides.core.steps.BaseStepListener - stepFinished: current outcome:Create new user:Given than Luz wants be a freelance software tester on Utest web page [Luz open up [Luz opens the U test page]], When she Diligence the differents registration forms on Utest web page [Luz diligence person [Luz clicks on button that shows us the form to the Register, Luz enters 'Luz' into Where do we write the first name, Luz enters 'Palacios' into Where do we write the last name, Luz enters 'lo@gmail.com' into Where do we write the email, Luz clicks on Where do select the birth month, Luz clicks on Where do select the birth month, Luz clicks on Where do select the birth day, Luz clicks on Where do select the birth day, Luz clicks on Where do select the birth year, Luz clicks on Where do select the birth year, Luz clicks on button that shows us the form to the Register], Luz diligence adress [Luz enters 'Quibdo' into Where do we write the City, Luz enters '270002' into Where do we write the Postal Code, Luz clicks on Where do open the selector of Country]]
[Test worker] WARN net.thucydides.core.steps.BaseStepListener - stepStarted: net.thucydides.core.steps.ExecutedStepDescription@37983d5c
[Test worker] WARN net.thucydides.core.steps.BaseStepListener - stepFinished: current outcome:Create new user:Given than Luz wants be a freelance software tester on Utest web page [Luz open up [Luz opens the U test page]], When she Diligence the differents registration forms on Utest web page [Luz diligence person [Luz clicks on button that shows us the form to the Register, Luz enters 'Luz' into Where do we write the first name, Luz enters 'Palacios' into Where do we write the last name, Luz enters 'lo@gmail.com' into Where do we write the email, Luz clicks on Where do select the birth month, Luz clicks on Where do select the birth month, Luz clicks on Where do select the birth day, Luz clicks on Where do select the birth day, Luz clicks on Where do select the birth year, Luz clicks on Where do select the birth year, Luz clicks on button that shows us the form to the Register], Luz diligence adress [Luz enters 'Quibdo' into Where do we write the City, Luz enters '270002' into Where do we write the Postal Code, Luz clicks on Where do open the selector of Country, Luz clicks on Where do select the Country]]
[Test worker] WARN net.thucydides.core.steps.BaseStepListener - stepStarted: net.thucydides.core.steps.ExecutedStepDescription@91ab837
[Test worker] WARN net.thucydides.core.steps.BaseStepListener - stepFinished: current outcome:Create new user:Given than Luz wants be a freelance software tester on Utest web page [Luz open up [Luz opens the U test page]], When she Diligence the differents registration forms on Utest web page [Luz diligence person [Luz clicks on button that shows us the form to the Register, Luz enters 'Luz' into Where do we write the first name, Luz enters 'Palacios' into Where do we write the last name, Luz enters 'lo@gmail.com' into Where do we write the email, Luz clicks on Where do select the birth month, Luz clicks on Where do select the birth month, Luz clicks on Where do select the birth day, Luz clicks on Where do select the birth day, Luz clicks on Where do select the birth year, Luz clicks on Where do select the birth year, Luz clicks on button that shows us the form to the Register], Luz diligence adress [Luz enters 'Quibdo' into Where do we write the City, Luz enters '270002' into Where do we write the Postal Code, Luz clicks on Where do open the selector of Country, Luz clicks on Where do select the Country, Luz clicks on button that shows us the next form of the Register]]
[Test worker] WARN net.thucydides.core.steps.BaseStepListener - stepFinished: current outcome:Create new user:Given than Luz wants be a freelance software tester on Utest web page [Luz open up [Luz opens the U test page]], When she Diligence the differents registration forms on Utest web page [Luz diligence person [Luz clicks on button that shows us the form to the Register, Luz enters 'Luz' into Where do we write the first name, Luz enters 'Palacios' into Where do we write the last name, Luz enters 'lo@gmail.com' into Where do we write the email, Luz clicks on Where do select the birth month, Luz clicks on Where do select the birth month, Luz clicks on Where do select the birth day, Luz clicks on Where do select the birth day, Luz clicks on Where do select the birth year, Luz clicks on Where do select the birth year, Luz clicks on button that shows us the form to the Register], Luz diligence adress [Luz enters 'Quibdo' into Where do we write the City, Luz enters '270002' into Where do we write the Postal Code, Luz clicks on Where do open the selector of Country, Luz clicks on Where do select the Country, Luz clicks on button that shows us the next form of the Register]]
[Test worker] WARN net.thucydides.core.steps.BaseStepListener - stepStarted: net.thucydides.core.steps.ExecutedStepDescription@70316430
[Test worker] WARN net.thucydides.core.steps.BaseStepListener - stepStarted: net.thucydides.core.steps.ExecutedStepDescription@341f0c0d
[Test worker] WARN net.thucydides.core.steps.BaseStepListener - stepStarted: net.thucydides.core.steps.ExecutedStepDescription@1b85e86a
[Test worker] WARN net.thucydides.core.steps.BaseStepListener - testFinished: Create new user:Given than Luz wants be a freelance software tester on Utest web page [Luz open up [Luz opens the U test page]], When she Diligence the differents registration forms on Utest web page [Luz diligence person [Luz clicks on button that shows us the form to the Register, Luz enters 'Luz' into Where do we write the first name, Luz enters 'Palacios' into Where do we write the last name, Luz enters 'lo@gmail.com' into Where do we write the email, Luz clicks on Where do select the birth month, Luz clicks on Where do select the birth month, Luz clicks on Where do select the birth day, Luz clicks on Where do select the birth day, Luz clicks on Where do select the birth year, Luz clicks on Where do select the birth year, Luz clicks on button that shows us the form to the Register], Luz diligence adress [Luz enters 'Quibdo' into Where do we write the City, Luz enters '270002' into Where do we write the Postal Code, Luz clicks on Where do open the selector of Country, Luz clicks on Where do select the Country, Luz clicks on button that shows us the next form of the Register], Luz diligence devices [Luz clicks on Where do open the selector of computer's SO]], Then she is successfully registered on the Utest's platform
[Test worker] WARN net.thucydides.core.steps.BaseStepListener - TestOutcomes: [Create new user:Given than Luz wants be a freelance software tester on Utest web page [Luz open up [Luz opens the U test page]], When she Diligence the differents registration forms on Utest web page [Luz diligence person [Luz clicks on button that shows us the form to the Register, Luz enters 'Luz' into Where do we write the first name, Luz enters 'Palacios' into Where do we write the last name, Luz enters 'lo@gmail.com' into Where do we write the email, Luz clicks on Where do select the birth month, Luz clicks on Where do select the birth month, Luz clicks on Where do select the birth day, Luz clicks on Where do select the birth day, Luz clicks on Where do select the birth year, Luz clicks on Where do select the birth year, Luz clicks on button that shows us the form to the Register], Luz diligence adress [Luz enters 'Quibdo' into Where do we write the City, Luz enters '270002' into Where do we write the Postal Code, Luz clicks on Where do open the selector of Country, Luz clicks on Where do select the Country, Luz clicks on button that shows us the next form of the Register], Luz diligence devices [Luz clicks on Where do open the selector of computer's SO]], Then she is successfully registered on the Utest's platform]
[Test worker] WARN net.thucydides.core.steps.BaseStepListener - Final testOutcomes: [Create new user:Given than Luz wants be a freelance software tester on Utest web page [Luz open up [Luz opens the U test page]], When she Diligence the differents registration forms on Utest web page [Luz diligence person [Luz clicks on button that shows us the form to the Register, Luz enters 'Luz' into Where do we write the first name, Luz enters 'Palacios' into Where do we write the last name, Luz enters 'lo@gmail.com' into Where do we write the email, Luz clicks on Where do select the birth month, Luz clicks on Where do select the birth month, Luz clicks on Where do select the birth day, Luz clicks on Where do select the birth day, Luz clicks on Where do select the birth year, Luz clicks on Where do select the birth year, Luz clicks on button that shows us the form to the Register], Luz diligence adress [Luz enters 'Quibdo' into Where do we write the City, Luz enters '270002' into Where do we write the Postal Code, Luz clicks on Where do open the selector of Country, Luz clicks on Where do select the Country, Luz clicks on button that shows us the next form of the Register], Luz diligence devices [Luz clicks on Where do open the selector of computer's SO]], Then she is successfully registered on the Utest's platform]
[Test worker] ERROR net.thucydides.core.steps.ConsoleLoggingListener - 
           __  _____ _____ ____ _____   _____ _    ___ _     _____ ____  
  _       / / |_   _| ____/ ___|_   _| |  ___/ \  |_ _| |   | ____|  _ \ 
 (_)_____| |    | | |  _| \___ \ | |   | |_ / _ \  | || |   |  _| | | | |
  _|_____| |    | | | |___ ___) || |   |  _/ ___ \ | || |___| |___| |_| |
 (_)     | |    |_| |_____|____/ |_|   |_|/_/   \_\___|_____|_____|____/ 
          \_\                                                            

TEST FAILED: Create new user
--------------------------------------------------------------------------
[Test worker] ERROR net.thucydides.core.steps.ConsoleLoggingListener - TEST FAILED AT STEP Luz clicks on Where do open the selector of computer's SO
[Test worker] ERROR net.thucydides.core.steps.ConsoleLoggingListener - Expected enabled element was not enabled
</pre>
</span>
</div>
</div>
<div id="footer">
<p>
<div>
<label class="hidden" id="label-for-line-wrapping-toggle" for="line-wrapping-toggle">Wrap lines
<input id="line-wrapping-toggle" type="checkbox" autocomplete="off"/>
</label>
</div>Generated by 
<a href="http://www.gradle.org">Gradle 5.2.1</a> at 17/01/2021 04:25:13 PM</p>
</div>
</div>
</body>
</html>
