<?xml version="1.0" encoding="UTF-8"?><testsuite errors="0" failures="1" name="Utest Community" skipped="0" tests="1" time="43.71" timestamp="2021-01-17 04:24:25"><testcase name="Create new user"><failure message="Expected enabled element was not enabled" type="net.thucydides.core.webdriver.exceptions.ElementShouldBeEnabledException">Expected enabled element was not enabled</failure><system-err>Expected enabled element was not enabled&#13;
co.com.reto.utest.tasks.DiligenceDevices.performAs(DiligenceDevices.java:16)&#13;
co.com.reto.utest.stepdefinitions.UTestStepDefinitions.sheDiligenceTheDifferentsRegistrationFormsOnUtestWebPage(UTestStepDefinitions.java:25)&#13;
cucumber.runner.Runner.runPickle(Runner.java:80)&#13;
</system-err></testcase></testsuite>